<?xml version="1.0" encoding="UTF-8"?>
<!-- Generated by org.testng.reporters.JUnitXMLReporter -->
<testsuite hostname="MININT-JEG2FF3" ignored="0" name="Test" tests="1" failures="0" timestamp="04 jul 2017 20:28:02 GMT" time="1.98" errors="0">
  <testcase name="@BeforeMethod setUpAppium" time="1.885" classname="testing.test_calculadora">
    <failure type="org.openqa.selenium.SessionNotCreatedException" message="Unable to create new remote session. desired capabilities = Capabilities [{appPackage=com.android.calculator2, appActivity=com.android.calculator2.Calculator, platformVersion=6.0, udid=ZY2228CVLS, platformName=Android, deviceName=Name}], required capabilities = Capabilities [{}]
Build info: version: &amp;apos;unknown&amp;apos;, revision: &amp;apos;1969d75&amp;apos;, time: &amp;apos;2016-10-18 09:43:45 -0700&amp;apos;
System info: host: &amp;apos;MININT-JEG2FF3&amp;apos;, ip: &amp;apos;192.168.3.174&amp;apos;, os.name: &amp;apos;Windows 10&amp;apos;, os.arch: &amp;apos;amd64&amp;apos;, os.version: &amp;apos;10.0&amp;apos;, java.version: &amp;apos;1.8.0_131&amp;apos;
Driver info: driver.version: AndroidDriver">
      <![CDATA[org.openqa.selenium.SessionNotCreatedException: Unable to create new remote session. desired capabilities = Capabilities [{appPackage=com.android.calculator2, appActivity=com.android.calculator2.Calculator, platformVersion=6.0, udid=ZY2228CVLS, platformName=Android, deviceName=Name}], required capabilities = Capabilities [{}]
Build info: version: 'unknown', revision: '1969d75', time: '2016-10-18 09:43:45 -0700'
System info: host: 'MININT-JEG2FF3', ip: '192.168.3.174', os.name: 'Windows 10', os.arch: 'amd64', os.version: '10.0', java.version: '1.8.0_131'
Driver info: driver.version: AndroidDriver
	at org.openqa.selenium.remote.ProtocolHandshake.createSession(ProtocolHandshake.java:91)
	at org.openqa.selenium.remote.HttpCommandExecutor.execute(HttpCommandExecutor.java:141)
	at io.appium.java_client.remote.AppiumCommandExecutor.execute(AppiumCommandExecutor.java:69)
	at org.openqa.selenium.remote.RemoteWebDriver.execute(RemoteWebDriver.java:601)
	at io.appium.java_client.DefaultGenericMobileDriver.execute(DefaultGenericMobileDriver.java:40)
	at io.appium.java_client.AppiumDriver.execute(AppiumDriver.java:1)
	at io.appium.java_client.android.AndroidDriver.execute(AndroidDriver.java:1)
	at org.openqa.selenium.remote.RemoteWebDriver.startSession(RemoteWebDriver.java:241)
	at org.openqa.selenium.remote.RemoteWebDriver.<init>(RemoteWebDriver.java:128)
	at org.openqa.selenium.remote.RemoteWebDriver.<init>(RemoteWebDriver.java:141)
	at io.appium.java_client.DefaultGenericMobileDriver.<init>(DefaultGenericMobileDriver.java:36)
	at io.appium.java_client.AppiumDriver.<init>(AppiumDriver.java:114)
	at io.appium.java_client.AppiumDriver.<init>(AppiumDriver.java:132)
	at io.appium.java_client.android.AndroidDriver.<init>(AndroidDriver.java:92)
	at testing.test_calculadora.setUpAppium(test_calculadora.java:48)
... Removed 27 stack frames]]>
    </failure>
  </testcase> <!-- @BeforeMethod setUpAppium -->
  <testcase name="@AfterTest CleanUpAppium" time="0.0" classname="testing.test_calculadora">
    <skipped/>
  </testcase> <!-- @AfterTest CleanUpAppium -->
  <testcase name="mytest" time="0.0" classname="testing.test_calculadora">
    <skipped/>
  </testcase> <!-- mytest -->
</testsuite> <!-- Test -->
