<?xml version="1.0" encoding="UTF-8"?>
<testng-results skipped="0" failed="0" ignored="0" total="1" passed="1">
  <reporter-output>
  </reporter-output>
  <suite name="Default suite" duration-ms="251003" started-at="2017-07-06T19:16:31Z" finished-at="2017-07-06T19:20:42Z">
    <groups>
    </groups>
    <test name="Default test" duration-ms="251003" started-at="2017-07-06T19:16:31Z" finished-at="2017-07-06T19:20:42Z">
      <class name="testing.test_calculadora">
        <test-method status="PASS" signature="setUpAppium()[pri:0, instance:testing.test_calculadora@148080bb]" name="setUpAppium" is-config="true" duration-ms="29962" started-at="2017-07-06T14:16:31Z" finished-at="2017-07-06T14:17:01Z">
          <reporter-output>
          </reporter-output>
        </test-method> <!-- setUpAppium -->
        <test-method status="PASS" signature="mytest()[pri:0, instance:testing.test_calculadora@148080bb]" name="mytest" duration-ms="217310" started-at="2017-07-06T14:17:01Z" finished-at="2017-07-06T14:20:38Z">
          <reporter-output>
          </reporter-output>
        </test-method> <!-- mytest -->
        <test-method status="PASS" signature="CleanUpAppium()[pri:0, instance:testing.test_calculadora@148080bb]" name="CleanUpAppium" is-config="true" duration-ms="3687" started-at="2017-07-06T14:20:38Z" finished-at="2017-07-06T14:20:42Z">
          <reporter-output>
          </reporter-output>
        </test-method> <!-- CleanUpAppium -->
      </class> <!-- testing.test_calculadora -->
    </test> <!-- Default test -->
  </suite> <!-- Default suite -->
</testng-results>
